<?xml version="1.0" encoding="UTF-8"?>
<!-- Generated by org.testng.reporters.JUnitReportReporter -->
<testsuite hostname="IN-WKS-100" failures="0" tests="2" name="runner.TestRunner" time="184.216" errors="0" timestamp="05 May 2020 13:17:05 GMT" skipped="0">
  <testcase classname="runner.TestRunner" name="feature" time="104.025"/>
  <testcase classname="runner.TestRunner" name="feature" time="80.191"/>
</testsuite> <!-- runner.TestRunner -->
